[debug] [2023-11-24T15:51:22.053Z] ----------------------------------------------------------------------
[debug] [2023-11-24T15:51:22.057Z] Command:       C:\Program Files\nodejs\node.exe C:\Users\sushi\AppData\Roaming\npm\node_modules\firebase-tools\lib\bin\firebase.js init
[debug] [2023-11-24T15:51:22.058Z] CLI Version:   12.9.1
[debug] [2023-11-24T15:51:22.058Z] Platform:      win32
[debug] [2023-11-24T15:51:22.058Z] Node Version:  v21.0.0
[debug] [2023-11-24T15:51:22.059Z] Time:          Fri Nov 24 2023 21:21:22 GMT+0530 (India Standard Time)
[debug] [2023-11-24T15:51:22.059Z] ----------------------------------------------------------------------
[debug] 
[debug] [2023-11-24T15:51:22.074Z] > command requires scopes: ["email","openid","https://www.googleapis.com/auth/cloudplatformprojects.readonly","https://www.googleapis.com/auth/firebase","https://www.googleapis.com/auth/cloud-platform"]
[debug] [2023-11-24T15:51:22.075Z] > authorizing via signed-in user (sushilbajpai2003@gmail.com)
[info] 
     ######## #### ########  ######## ########     ###     ######  ########
     ##        ##  ##     ## ##       ##     ##  ##   ##  ##       ##
     ######    ##  ########  ######   ########  #########  ######  ######
     ##        ##  ##    ##  ##       ##     ## ##     ##       ## ##
     ##       #### ##     ## ######## ########  ##     ##  ######  ########

You're about to initialize a Firebase project in this directory:

  C:\Users\sushi\Projects\Fullstack\next_todo

[info] 
=== Project Setup
[info] 
[info] First, let's associate this project directory with a Firebase project.
[info] You can create multiple project aliases by running firebase use --add, 
[info] but for now we'll just set up a default project.
[info] 
[debug] [2023-11-24T15:51:42.523Z] >>> [apiv2][query] GET https://firebase.googleapis.com/v1beta1/projects pageSize=100
[debug] [2023-11-24T15:51:43.909Z] <<< [apiv2][status] GET https://firebase.googleapis.com/v1beta1/projects 200
[debug] [2023-11-24T15:51:43.909Z] <<< [apiv2][body] GET https://firebase.googleapis.com/v1beta1/projects [omitted]
[info] i  Using project next-todo-6ab47 (next-todo) 
[info] 
=== Database Setup
[info] i  database: ensuring required API firebasedatabase.googleapis.com is enabled... 
[debug] [2023-11-24T15:51:46.086Z] >>> [apiv2][query] GET https://serviceusage.googleapis.com/v1/projects/next-todo-6ab47/services/firebasedatabase.googleapis.com [none]
[debug] [2023-11-24T15:51:46.087Z] >>> [apiv2][(partial)header] GET https://serviceusage.googleapis.com/v1/projects/next-todo-6ab47/services/firebasedatabase.googleapis.com x-goog-quota-user=projects/next-todo-6ab47
[debug] [2023-11-24T15:51:48.002Z] <<< [apiv2][status] GET https://serviceusage.googleapis.com/v1/projects/next-todo-6ab47/services/firebasedatabase.googleapis.com 200
[debug] [2023-11-24T15:51:48.002Z] <<< [apiv2][body] GET https://serviceusage.googleapis.com/v1/projects/next-todo-6ab47/services/firebasedatabase.googleapis.com [omitted]
[info] +  database: required API firebasedatabase.googleapis.com is enabled 
[info] 
[debug] [2023-11-24T15:51:48.004Z] >>> [apiv2][query] GET https://firebasedatabase.googleapis.com/v1beta/projects/next-todo-6ab47/locations/-/instances/next-todo-6ab47-default-rtdb [none]
[debug] [2023-11-24T15:51:49.949Z] <<< [apiv2][status] GET https://firebasedatabase.googleapis.com/v1beta/projects/next-todo-6ab47/locations/-/instances/next-todo-6ab47-default-rtdb 200
[debug] [2023-11-24T15:51:49.949Z] <<< [apiv2][body] GET https://firebasedatabase.googleapis.com/v1beta/projects/next-todo-6ab47/locations/-/instances/next-todo-6ab47-default-rtdb {"name":"projects/361565345488/locations/us-central1/instances/next-todo-6ab47-default-rtdb","project":"projects/361565345488","databaseUrl":"https://next-todo-6ab47-default-rtdb.firebaseio.com","type":"DEFAULT_DATABASE","state":"ACTIVE"}
[info] 
[info] Firebase Realtime Database Security Rules allow you to define how your data should be
[info] structured and when your data can be read from and written to.
[info] 
[debug] [2023-11-24T15:51:55.992Z] >>> [apiv2][query] GET https://next-todo-6ab47-default-rtdb.firebaseio.com/.settings/rules.json [none]
[debug] [2023-11-24T15:51:56.757Z] <<< [apiv2][status] GET https://next-todo-6ab47-default-rtdb.firebaseio.com/.settings/rules.json 200
[debug] [2023-11-24T15:51:56.757Z] <<< [apiv2][body] GET https://next-todo-6ab47-default-rtdb.firebaseio.com/.settings/rules.json [stream]
[info] +  Database Rules for next-todo-6ab47-default-rtdb have been written to database.rules.json. 
[info] Future modifications to database.rules.json will update Realtime Database Security Rules when you run
[info] firebase deploy.
[info] 
=== Hosting Setup
[debug] [2023-11-24T15:51:56.764Z] >>> [apiv2][query] GET https://firebase.googleapis.com/v1beta1/projects/next-todo-6ab47 [none]
[debug] [2023-11-24T15:51:57.943Z] <<< [apiv2][status] GET https://firebase.googleapis.com/v1beta1/projects/next-todo-6ab47 200
[debug] [2023-11-24T15:51:57.944Z] <<< [apiv2][body] GET https://firebase.googleapis.com/v1beta1/projects/next-todo-6ab47 {"projectId":"next-todo-6ab47","projectNumber":"361565345488","displayName":"next-todo","name":"projects/next-todo-6ab47","resources":{"hostingSite":"next-todo-6ab47","realtimeDatabaseInstance":"next-todo-6ab47-default-rtdb"},"state":"ACTIVE","etag":"1_51afa319-a53b-4e57-b41b-dc01935877d3"}
[info] 
[info] Your public directory is the folder (relative to your project directory) that
[info] will contain Hosting assets to be uploaded with firebase deploy. If you
[info] have a build process for your assets, use your build's output directory.
[info] 
[debug] [2023-11-24T15:52:21.552Z] >>> [apiv2][query] GET https://www.gstatic.com/firebasejs/releases.json [none]
[debug] [2023-11-24T15:52:21.713Z] <<< [apiv2][status] GET https://www.gstatic.com/firebasejs/releases.json 200
[debug] [2023-11-24T15:52:21.714Z] <<< [apiv2][body] GET https://www.gstatic.com/firebasejs/releases.json {"current":{"version":"10.6.0","browserURL":"https://www.gstatic.com/firebasejs/10.6.0/firebase.js","packageURL":"https://www.gstatic.com/firebasejs/10.6.0/firebase.tgz"},"live":{"version":"10.6","browserURL":"https://www.gstatic.com/firebasejs/live/10.6/firebase.js","packageURL":"https://www.gstatic.com/firebasejs/live/10.6/firebase.tgz"},"components":{"analytics":"https://www.gstatic.com/firebasejs/10.6.0/firebase-analytics.js","app":"https://www.gstatic.com/firebasejs/10.6.0/firebase-app.js","app-check":"https://www.gstatic.com/firebasejs/10.6.0/firebase-app-check.js","auth":"https://www.gstatic.com/firebasejs/10.6.0/firebase-auth.js","auth/cordova":"https://www.gstatic.com/firebasejs/10.6.0/firebase-auth/cordova.js","functions":"https://www.gstatic.com/firebasejs/10.6.0/firebase-functions.js","firestore":"https://www.gstatic.com/firebasejs/10.6.0/firebase-firestore.js","firestore/lite":"https://www.gstatic.com/firebasejs/10.6.0/firebase-firestore/lite.js","installations":"https://www.gstatic.com/firebasejs/10.6.0/firebase-installations.js","storage":"https://www.gstatic.com/firebasejs/10.6.0/firebase-storage.js","performance":"https://www.gstatic.com/firebasejs/10.6.0/firebase-performance.js","remote-config":"https://www.gstatic.com/firebasejs/10.6.0/firebase-remote-config.js","messaging":"https://www.gstatic.com/firebasejs/10.6.0/firebase-messaging.js","messaging/sw":"https://www.gstatic.com/firebasejs/10.6.0/firebase-messaging/sw.js","database":"https://www.gstatic.com/firebasejs/10.6.0/firebase-database.js","firestore.memory":"https://www.gstatic.com/firebasejs/10.6.0/firebase-firestore.memory.js"}}
[info] +  Wrote public/index.html 
[info] 
[info] i  Detected a .git folder at C:\Users\sushi\Projects\Fullstack\next_todo 
[info] i  Authorizing with GitHub to upload your service account to a GitHub repository's secrets store. 
[info] 
[info] Visit this URL on this device to log in:
[info] https://github.com/login/oauth/authorize?client_id=89cf50f02ac6aaed3484&state=36598302&redirect_uri=http%3A%2F%2Flocalhost%3A9005&scope=read%3Auser%20repo%20public_repo
[info] 
[info] Waiting for authentication...
[debug] [2023-11-24T15:52:22.727Z] >>> [apiv2][query] POST https://github.com/login/oauth/access_token [none]
[debug] [2023-11-24T15:52:22.727Z] >>> [apiv2][body] POST https://github.com/login/oauth/access_token [stream]
[debug] [2023-11-24T15:52:23.338Z] <<< [apiv2][status] POST https://github.com/login/oauth/access_token 200
[debug] [2023-11-24T15:52:23.339Z] <<< [apiv2][body] POST https://github.com/login/oauth/access_token {"access_token":"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","token_type":"bearer","scope":"read:user,repo"}
[debug] [2023-11-24T15:52:23.363Z] >>> [apiv2][query] GET https://api.github.com/user [none]
[debug] [2023-11-24T15:52:23.850Z] <<< [apiv2][status] GET https://api.github.com/user 200
[debug] [2023-11-24T15:52:23.850Z] <<< [apiv2][body] GET https://api.github.com/user {"login":"bajpaisushil","id":111970311,"node_id":"U_kgDOBqyIBw","avatar_url":"https://avatars.githubusercontent.com/u/111970311?v=4","gravatar_id":"","url":"https://api.github.com/users/bajpaisushil","html_url":"https://github.com/bajpaisushil","followers_url":"https://api.github.com/users/bajpaisushil/followers","following_url":"https://api.github.com/users/bajpaisushil/following{/other_user}","gists_url":"https://api.github.com/users/bajpaisushil/gists{/gist_id}","starred_url":"https://api.github.com/users/bajpaisushil/starred{/owner}{/repo}","subscriptions_url":"https://api.github.com/users/bajpaisushil/subscriptions","organizations_url":"https://api.github.com/users/bajpaisushil/orgs","repos_url":"https://api.github.com/users/bajpaisushil/repos","events_url":"https://api.github.com/users/bajpaisushil/events{/privacy}","received_events_url":"https://api.github.com/users/bajpaisushil/received_events","type":"User","site_admin":false,"name":"Sushil Bajpai","company":null,"blog":"","location":null,"email":null,"hireable":null,"bio":null,"twitter_username":null,"public_repos":52,"public_gists":0,"followers":1,"following":0,"created_at":"2022-08-24T09:25:54Z","updated_at":"2023-11-17T16:36:09Z","private_gists":0,"total_private_repos":10,"owned_private_repos":10,"disk_usage":264735,"collaborators":0,"two_factor_authentication":false,"plan":{"name":"free","space":976562499,"collaborators":0,"private_repos":10000}}
[info] 
[info] +  Success! Logged into GitHub as bajpaisushil 
[info] 
[debug] [2023-11-24T15:55:14.227Z] >>> [apiv2][query] GET https://api.github.com/repos/bajpaisushil/Todo_NextJS/actions/secrets/public-key type=owner
[debug] [2023-11-24T15:55:14.764Z] <<< [apiv2][status] GET https://api.github.com/repos/bajpaisushil/Todo_NextJS/actions/secrets/public-key 401
[debug] [2023-11-24T15:55:14.764Z] <<< [apiv2][body] GET https://api.github.com/repos/bajpaisushil/Todo_NextJS/actions/secrets/public-key {"message":"Bad credentials","documentation_url":"https://docs.github.com/rest"}
[debug] [2023-11-24T15:55:17.364Z] >>> [apiv2][query] GET https://api.github.com/repos/bajpaisushil/Todo_NextJS/actions/secrets/public-key type=owner
[debug] [2023-11-24T15:55:17.732Z] <<< [apiv2][status] GET https://api.github.com/repos/bajpaisushil/Todo_NextJS/actions/secrets/public-key 401
[debug] [2023-11-24T15:55:17.732Z] <<< [apiv2][body] GET https://api.github.com/repos/bajpaisushil/Todo_NextJS/actions/secrets/public-key {"message":"Bad credentials","documentation_url":"https://docs.github.com/rest"}
[debug] [2023-11-24T15:55:20.923Z] >>> [apiv2][query] GET https://api.github.com/repos/bajpaisushil/Todo_NextJS/actions/secrets/public-key type=owner
[debug] [2023-11-24T15:55:21.319Z] <<< [apiv2][status] GET https://api.github.com/repos/bajpaisushil/Todo_NextJS/actions/secrets/public-key 401
[debug] [2023-11-24T15:55:21.320Z] <<< [apiv2][body] GET https://api.github.com/repos/bajpaisushil/Todo_NextJS/actions/secrets/public-key {"message":"Bad credentials","documentation_url":"https://docs.github.com/rest"}
[debug] [2023-11-24T15:55:22.218Z] >>> [apiv2][query] GET https://api.github.com/repos/bajpaisushil/Todo_NextJS/actions/secrets/public-key type=owner
[debug] [2023-11-24T15:55:22.544Z] <<< [apiv2][status] GET https://api.github.com/repos/bajpaisushil/Todo_NextJS/actions/secrets/public-key 401
[debug] [2023-11-24T15:55:22.544Z] <<< [apiv2][body] GET https://api.github.com/repos/bajpaisushil/Todo_NextJS/actions/secrets/public-key {"message":"Bad credentials","documentation_url":"https://docs.github.com/rest"}
[debug] [2023-11-24T15:55:51.380Z] >>> [apiv2][query] GET https://api.github.com/repos/bajpaisushil/Todo_NextJS/actions/secrets/public-key type=owner
[debug] [2023-11-24T15:55:51.938Z] <<< [apiv2][status] GET https://api.github.com/repos/bajpaisushil/Todo_NextJS/actions/secrets/public-key 401
[debug] [2023-11-24T15:55:51.938Z] <<< [apiv2][body] GET https://api.github.com/repos/bajpaisushil/Todo_NextJS/actions/secrets/public-key {"message":"Bad credentials","documentation_url":"https://docs.github.com/rest"}
[debug] [2023-11-24T15:55:54.561Z] >>> [apiv2][query] GET https://api.github.com/repos/bajpaisushil/Todo_NextJ/actions/secrets/public-key type=owner
[debug] [2023-11-24T15:55:54.906Z] <<< [apiv2][status] GET https://api.github.com/repos/bajpaisushil/Todo_NextJ/actions/secrets/public-key 401
[debug] [2023-11-24T15:55:54.907Z] <<< [apiv2][body] GET https://api.github.com/repos/bajpaisushil/Todo_NextJ/actions/secrets/public-key {"message":"Bad credentials","documentation_url":"https://docs.github.com/rest"}
[debug] [2023-11-24T15:55:58.772Z] >>> [apiv2][query] GET https://api.github.com/repos/bajpaisushil/actions/secrets/public-key type=owner
[debug] [2023-11-24T15:55:59.102Z] <<< [apiv2][status] GET https://api.github.com/repos/bajpaisushil/actions/secrets/public-key 401
[debug] [2023-11-24T15:55:59.102Z] <<< [apiv2][body] GET https://api.github.com/repos/bajpaisushil/actions/secrets/public-key {"message":"Bad credentials","documentation_url":"https://docs.github.com/rest"}
[debug] [2023-11-24T15:56:01.065Z] >>> [apiv2][query] GET https://api.github.com/repos//actions/secrets/public-key type=owner
[debug] [2023-11-24T15:56:01.338Z] <<< [apiv2][status] GET https://api.github.com/repos//actions/secrets/public-key 401
[debug] [2023-11-24T15:56:01.339Z] <<< [apiv2][body] GET https://api.github.com/repos//actions/secrets/public-key {"message":"Bad credentials","documentation_url":"https://docs.github.com/rest"}
[debug] [2023-11-24T15:56:01.896Z] >>> [apiv2][query] GET https://api.github.com/repos//actions/secrets/public-key type=owner
[debug] [2023-11-24T15:56:02.194Z] <<< [apiv2][status] GET https://api.github.com/repos//actions/secrets/public-key 401
[debug] [2023-11-24T15:56:02.194Z] <<< [apiv2][body] GET https://api.github.com/repos//actions/secrets/public-key {"message":"Bad credentials","documentation_url":"https://docs.github.com/rest"}
[debug] [2023-11-24T15:56:12.072Z] >>> [apiv2][query] GET https://api.github.com/repos/bajpaisushil/todo_nextjs/actions/secrets/public-key type=owner
[debug] [2023-11-24T15:56:12.580Z] <<< [apiv2][status] GET https://api.github.com/repos/bajpaisushil/todo_nextjs/actions/secrets/public-key 401
[debug] [2023-11-24T15:56:12.580Z] <<< [apiv2][body] GET https://api.github.com/repos/bajpaisushil/todo_nextjs/actions/secrets/public-key {"message":"Bad credentials","documentation_url":"https://docs.github.com/rest"}
[debug] [2023-11-24T15:56:13.194Z] >>> [apiv2][query] GET https://api.github.com/repos/bajpaisushil/todo_nextjs/actions/secrets/public-key type=owner
[debug] [2023-11-24T15:56:13.551Z] <<< [apiv2][status] GET https://api.github.com/repos/bajpaisushil/todo_nextjs/actions/secrets/public-key 401
[debug] [2023-11-24T15:56:13.551Z] <<< [apiv2][body] GET https://api.github.com/repos/bajpaisushil/todo_nextjs/actions/secrets/public-key {"message":"Bad credentials","documentation_url":"https://docs.github.com/rest"}
